CRITICAL - 2024-09-04 13:59:12 --> ParseError: syntax error, unexpected token "}", expecting ";"
[Method: GET, Route: /]
in APPPATH\Controllers\Home.php on line 14.
 1 SYSTEMPATH\Autoloader\Autoloader.php(296): CodeIgniter\Autoloader\Autoloader->includeFile('C:\\laragon\\www\\LibraryManagement\\app\\Controllers\\Home.php')
 2 SYSTEMPATH\Autoloader\Autoloader.php(272): CodeIgniter\Autoloader\Autoloader->loadInNamespace('App\\Controllers\\Home')
 3 [internal function]: CodeIgniter\Autoloader\Autoloader->loadClass('App\\Controllers\\Home')
 4 SYSTEMPATH\CodeIgniter.php(887): class_exists('\\App\\Controllers\\Home', true)
 5 SYSTEMPATH\CodeIgniter.php(496): CodeIgniter\CodeIgniter->startController()
 6 SYSTEMPATH\CodeIgniter.php(355): CodeIgniter\CodeIgniter->handleRequest(null, Object(Config\Cache), false)
 7 SYSTEMPATH\Boot.php(325): CodeIgniter\CodeIgniter->run()
 8 SYSTEMPATH\Boot.php(67): CodeIgniter\Boot::runCodeIgniter(Object(CodeIgniter\CodeIgniter))
 9 FCPATH\index.php(56): CodeIgniter\Boot::bootWeb(Object(Config\Paths))
10 SYSTEMPATH\rewrite.php(44): require_once('C:\\laragon\\www\\LibraryManagement\\public\\index.php')
CRITICAL - 2024-09-04 14:03:37 --> ErrorException: include_once(./navbar.php): Failed to open stream: No such file or directory
[Method: GET, Route: home]
in APPPATH\Views\home.php on line 15.
 1 APPPATH\Views\home.php(15): CodeIgniter\Debug\Exceptions->errorHandler(2, 'include_once(./navbar.php): Failed to open stream: No such file or directory', 'C:\\laragon\\www\\LibraryManagement\\app\\Views\\home.php', 15)
 2 APPPATH\Views\home.php(15): include_once()
 3 SYSTEMPATH\View\View.php(234): include('C:\\laragon\\www\\LibraryManagement\\app\\Views\\home.php')
 4 SYSTEMPATH\View\View.php(237): CodeIgniter\View\View->CodeIgniter\View\{closure}()
 5 SYSTEMPATH\Common.php(1171): CodeIgniter\View\View->render('home', [], true)
 6 APPPATH\Controllers\Home.php(13): view('home')
 7 SYSTEMPATH\CodeIgniter.php(933): App\Controllers\Home->home()
 8 SYSTEMPATH\CodeIgniter.php(509): CodeIgniter\CodeIgniter->runController(Object(App\Controllers\Home))
 9 SYSTEMPATH\CodeIgniter.php(355): CodeIgniter\CodeIgniter->handleRequest(null, Object(Config\Cache), false)
10 SYSTEMPATH\Boot.php(325): CodeIgniter\CodeIgniter->run()
11 SYSTEMPATH\Boot.php(67): CodeIgniter\Boot::runCodeIgniter(Object(CodeIgniter\CodeIgniter))
12 FCPATH\index.php(56): CodeIgniter\Boot::bootWeb(Object(Config\Paths))
13 SYSTEMPATH\rewrite.php(44): require_once('C:\\laragon\\www\\LibraryManagement\\public\\index.php')
CRITICAL - 2024-09-04 16:11:58 --> CodeIgniter\View\Exceptions\ViewException: Invalid file: "admin.php"
[Method: GET, Route: admin]
in SYSTEMPATH\Exceptions\FrameworkException.php on line 41.
 1 SYSTEMPATH\View\View.php(222): CodeIgniter\Exceptions\FrameworkException::forInvalidFile('admin.php')
 2 SYSTEMPATH\Common.php(1171): CodeIgniter\View\View->render('admin', [], true)
 3 APPPATH\Controllers\Home.php(22): view('admin')
 4 SYSTEMPATH\CodeIgniter.php(933): App\Controllers\Home->admin()
 5 SYSTEMPATH\CodeIgniter.php(509): CodeIgniter\CodeIgniter->runController(Object(App\Controllers\Home))
 6 SYSTEMPATH\CodeIgniter.php(355): CodeIgniter\CodeIgniter->handleRequest(null, Object(Config\Cache), false)
 7 SYSTEMPATH\Boot.php(325): CodeIgniter\CodeIgniter->run()
 8 SYSTEMPATH\Boot.php(67): CodeIgniter\Boot::runCodeIgniter(Object(CodeIgniter\CodeIgniter))
 9 FCPATH\index.php(56): CodeIgniter\Boot::bootWeb(Object(Config\Paths))
10 SYSTEMPATH\rewrite.php(44): require_once('C:\\laragon\\www\\LibraryManagement\\public\\index.php')
CRITICAL - 2024-09-04 16:14:05 --> CodeIgniter\View\Exceptions\ViewException: Invalid file: "login.php"
[Method: GET, Route: /]
in SYSTEMPATH\Exceptions\FrameworkException.php on line 41.
 1 SYSTEMPATH\View\View.php(222): CodeIgniter\Exceptions\FrameworkException::forInvalidFile('login.php')
 2 SYSTEMPATH\Common.php(1171): CodeIgniter\View\View->render('login', [], true)
 3 APPPATH\Controllers\Home.php(9): view('login')
 4 SYSTEMPATH\CodeIgniter.php(933): App\Controllers\Home->index()
 5 SYSTEMPATH\CodeIgniter.php(509): CodeIgniter\CodeIgniter->runController(Object(App\Controllers\Home))
 6 SYSTEMPATH\CodeIgniter.php(355): CodeIgniter\CodeIgniter->handleRequest(null, Object(Config\Cache), false)
 7 SYSTEMPATH\Boot.php(325): CodeIgniter\CodeIgniter->run()
 8 SYSTEMPATH\Boot.php(67): CodeIgniter\Boot::runCodeIgniter(Object(CodeIgniter\CodeIgniter))
 9 FCPATH\index.php(56): CodeIgniter\Boot::bootWeb(Object(Config\Paths))
10 SYSTEMPATH\rewrite.php(44): require_once('C:\\laragon\\www\\LibraryManagement\\public\\index.php')
CRITICAL - 2024-09-04 16:14:18 --> ErrorException: include_once(header.php): Failed to open stream: No such file or directory
[Method: GET, Route: /]
in APPPATH\Views\auth\login.php on line 3.
 1 APPPATH\Views\auth\login.php(3): CodeIgniter\Debug\Exceptions->errorHandler(2, 'include_once(header.php): Failed to open stream: No such file or directory', 'C:\\laragon\\www\\LibraryManagement\\app\\Views\\auth\\login.php', 3)
 2 APPPATH\Views\auth\login.php(3): include_once()
 3 SYSTEMPATH\View\View.php(234): include('C:\\laragon\\www\\LibraryManagement\\app\\Views\\auth\\login.php')
 4 SYSTEMPATH\View\View.php(237): CodeIgniter\View\View->CodeIgniter\View\{closure}()
 5 SYSTEMPATH\Common.php(1171): CodeIgniter\View\View->render('auth/login', [], true)
 6 APPPATH\Controllers\Home.php(9): view('auth/login')
 7 SYSTEMPATH\CodeIgniter.php(933): App\Controllers\Home->index()
 8 SYSTEMPATH\CodeIgniter.php(509): CodeIgniter\CodeIgniter->runController(Object(App\Controllers\Home))
 9 SYSTEMPATH\CodeIgniter.php(355): CodeIgniter\CodeIgniter->handleRequest(null, Object(Config\Cache), false)
10 SYSTEMPATH\Boot.php(325): CodeIgniter\CodeIgniter->run()
11 SYSTEMPATH\Boot.php(67): CodeIgniter\Boot::runCodeIgniter(Object(CodeIgniter\CodeIgniter))
12 FCPATH\index.php(56): CodeIgniter\Boot::bootWeb(Object(Config\Paths))
13 SYSTEMPATH\rewrite.php(44): require_once('C:\\laragon\\www\\LibraryManagement\\public\\index.php')
CRITICAL - 2024-09-04 16:14:20 --> ErrorException: include_once(header.php): Failed to open stream: No such file or directory
[Method: GET, Route: /]
in APPPATH\Views\auth\login.php on line 3.
 1 APPPATH\Views\auth\login.php(3): CodeIgniter\Debug\Exceptions->errorHandler(2, 'include_once(header.php): Failed to open stream: No such file or directory', 'C:\\laragon\\www\\LibraryManagement\\app\\Views\\auth\\login.php', 3)
 2 APPPATH\Views\auth\login.php(3): include_once()
 3 SYSTEMPATH\View\View.php(234): include('C:\\laragon\\www\\LibraryManagement\\app\\Views\\auth\\login.php')
 4 SYSTEMPATH\View\View.php(237): CodeIgniter\View\View->CodeIgniter\View\{closure}()
 5 SYSTEMPATH\Common.php(1171): CodeIgniter\View\View->render('auth/login', [], true)
 6 APPPATH\Controllers\Home.php(9): view('auth/login')
 7 SYSTEMPATH\CodeIgniter.php(933): App\Controllers\Home->index()
 8 SYSTEMPATH\CodeIgniter.php(509): CodeIgniter\CodeIgniter->runController(Object(App\Controllers\Home))
 9 SYSTEMPATH\CodeIgniter.php(355): CodeIgniter\CodeIgniter->handleRequest(null, Object(Config\Cache), false)
10 SYSTEMPATH\Boot.php(325): CodeIgniter\CodeIgniter->run()
11 SYSTEMPATH\Boot.php(67): CodeIgniter\Boot::runCodeIgniter(Object(CodeIgniter\CodeIgniter))
12 FCPATH\index.php(56): CodeIgniter\Boot::bootWeb(Object(Config\Paths))
13 SYSTEMPATH\rewrite.php(44): require_once('C:\\laragon\\www\\LibraryManagement\\public\\index.php')
CRITICAL - 2024-09-04 16:14:45 --> ErrorException: include_once(../header.php): Failed to open stream: No such file or directory
[Method: GET, Route: /]
in APPPATH\Views\auth\login.php on line 3.
 1 APPPATH\Views\auth\login.php(3): CodeIgniter\Debug\Exceptions->errorHandler(2, 'include_once(../header.php): Failed to open stream: No such file or directory', 'C:\\laragon\\www\\LibraryManagement\\app\\Views\\auth\\login.php', 3)
 2 APPPATH\Views\auth\login.php(3): include_once()
 3 SYSTEMPATH\View\View.php(234): include('C:\\laragon\\www\\LibraryManagement\\app\\Views\\auth\\login.php')
 4 SYSTEMPATH\View\View.php(237): CodeIgniter\View\View->CodeIgniter\View\{closure}()
 5 SYSTEMPATH\Common.php(1171): CodeIgniter\View\View->render('auth/login', [], true)
 6 APPPATH\Controllers\Home.php(9): view('auth/login')
 7 SYSTEMPATH\CodeIgniter.php(933): App\Controllers\Home->index()
 8 SYSTEMPATH\CodeIgniter.php(509): CodeIgniter\CodeIgniter->runController(Object(App\Controllers\Home))
 9 SYSTEMPATH\CodeIgniter.php(355): CodeIgniter\CodeIgniter->handleRequest(null, Object(Config\Cache), false)
10 SYSTEMPATH\Boot.php(325): CodeIgniter\CodeIgniter->run()
11 SYSTEMPATH\Boot.php(67): CodeIgniter\Boot::runCodeIgniter(Object(CodeIgniter\CodeIgniter))
12 FCPATH\index.php(56): CodeIgniter\Boot::bootWeb(Object(Config\Paths))
13 SYSTEMPATH\rewrite.php(44): require_once('C:\\laragon\\www\\LibraryManagement\\public\\index.php')
CRITICAL - 2024-09-04 16:15:09 --> ErrorException: include_once(header.php): Failed to open stream: No such file or directory
[Method: GET, Route: /]
in APPPATH\Views\auth\login.php on line 3.
 1 APPPATH\Views\auth\login.php(3): CodeIgniter\Debug\Exceptions->errorHandler(2, 'include_once(header.php): Failed to open stream: No such file or directory', 'C:\\laragon\\www\\LibraryManagement\\app\\Views\\auth\\login.php', 3)
 2 APPPATH\Views\auth\login.php(3): include_once()
 3 SYSTEMPATH\View\View.php(234): include('C:\\laragon\\www\\LibraryManagement\\app\\Views\\auth\\login.php')
 4 SYSTEMPATH\View\View.php(237): CodeIgniter\View\View->CodeIgniter\View\{closure}()
 5 SYSTEMPATH\Common.php(1171): CodeIgniter\View\View->render('auth/login', [], true)
 6 APPPATH\Controllers\Home.php(9): view('auth/login')
 7 SYSTEMPATH\CodeIgniter.php(933): App\Controllers\Home->index()
 8 SYSTEMPATH\CodeIgniter.php(509): CodeIgniter\CodeIgniter->runController(Object(App\Controllers\Home))
 9 SYSTEMPATH\CodeIgniter.php(355): CodeIgniter\CodeIgniter->handleRequest(null, Object(Config\Cache), false)
10 SYSTEMPATH\Boot.php(325): CodeIgniter\CodeIgniter->run()
11 SYSTEMPATH\Boot.php(67): CodeIgniter\Boot::runCodeIgniter(Object(CodeIgniter\CodeIgniter))
12 FCPATH\index.php(56): CodeIgniter\Boot::bootWeb(Object(Config\Paths))
13 SYSTEMPATH\rewrite.php(44): require_once('C:\\laragon\\www\\LibraryManagement\\public\\index.php')
CRITICAL - 2024-09-04 16:15:29 --> ErrorException: include_once(/app/Views/header.php): Failed to open stream: No such file or directory
[Method: GET, Route: /]
in APPPATH\Views\auth\login.php on line 3.
 1 APPPATH\Views\auth\login.php(3): CodeIgniter\Debug\Exceptions->errorHandler(2, 'include_once(/app/Views/header.php): Failed to open stream: No such file or directory', 'C:\\laragon\\www\\LibraryManagement\\app\\Views\\auth\\login.php', 3)
 2 APPPATH\Views\auth\login.php(3): include_once()
 3 SYSTEMPATH\View\View.php(234): include('C:\\laragon\\www\\LibraryManagement\\app\\Views\\auth\\login.php')
 4 SYSTEMPATH\View\View.php(237): CodeIgniter\View\View->CodeIgniter\View\{closure}()
 5 SYSTEMPATH\Common.php(1171): CodeIgniter\View\View->render('auth/login', [], true)
 6 APPPATH\Controllers\Home.php(9): view('auth/login')
 7 SYSTEMPATH\CodeIgniter.php(933): App\Controllers\Home->index()
 8 SYSTEMPATH\CodeIgniter.php(509): CodeIgniter\CodeIgniter->runController(Object(App\Controllers\Home))
 9 SYSTEMPATH\CodeIgniter.php(355): CodeIgniter\CodeIgniter->handleRequest(null, Object(Config\Cache), false)
10 SYSTEMPATH\Boot.php(325): CodeIgniter\CodeIgniter->run()
11 SYSTEMPATH\Boot.php(67): CodeIgniter\Boot::runCodeIgniter(Object(CodeIgniter\CodeIgniter))
12 FCPATH\index.php(56): CodeIgniter\Boot::bootWeb(Object(Config\Paths))
13 SYSTEMPATH\rewrite.php(44): require_once('C:\\laragon\\www\\LibraryManagement\\public\\index.php')
CRITICAL - 2024-09-04 16:15:39 --> ErrorException: include_once(app/Views/header.php): Failed to open stream: No such file or directory
[Method: GET, Route: /]
in APPPATH\Views\auth\login.php on line 3.
 1 APPPATH\Views\auth\login.php(3): CodeIgniter\Debug\Exceptions->errorHandler(2, 'include_once(app/Views/header.php): Failed to open stream: No such file or directory', 'C:\\laragon\\www\\LibraryManagement\\app\\Views\\auth\\login.php', 3)
 2 APPPATH\Views\auth\login.php(3): include_once()
 3 SYSTEMPATH\View\View.php(234): include('C:\\laragon\\www\\LibraryManagement\\app\\Views\\auth\\login.php')
 4 SYSTEMPATH\View\View.php(237): CodeIgniter\View\View->CodeIgniter\View\{closure}()
 5 SYSTEMPATH\Common.php(1171): CodeIgniter\View\View->render('auth/login', [], true)
 6 APPPATH\Controllers\Home.php(9): view('auth/login')
 7 SYSTEMPATH\CodeIgniter.php(933): App\Controllers\Home->index()
 8 SYSTEMPATH\CodeIgniter.php(509): CodeIgniter\CodeIgniter->runController(Object(App\Controllers\Home))
 9 SYSTEMPATH\CodeIgniter.php(355): CodeIgniter\CodeIgniter->handleRequest(null, Object(Config\Cache), false)
10 SYSTEMPATH\Boot.php(325): CodeIgniter\CodeIgniter->run()
11 SYSTEMPATH\Boot.php(67): CodeIgniter\Boot::runCodeIgniter(Object(CodeIgniter\CodeIgniter))
12 FCPATH\index.php(56): CodeIgniter\Boot::bootWeb(Object(Config\Paths))
13 SYSTEMPATH\rewrite.php(44): require_once('C:\\laragon\\www\\LibraryManagement\\public\\index.php')
CRITICAL - 2024-09-04 16:16:42 --> ErrorException: include_once(./header.php): Failed to open stream: No such file or directory
[Method: GET, Route: /]
in APPPATH\Views\login.php on line 3.
 1 APPPATH\Views\login.php(3): CodeIgniter\Debug\Exceptions->errorHandler(2, 'include_once(./header.php): Failed to open stream: No such file or directory', 'C:\\laragon\\www\\LibraryManagement\\app\\Views\\login.php', 3)
 2 APPPATH\Views\login.php(3): include_once()
 3 SYSTEMPATH\View\View.php(234): include('C:\\laragon\\www\\LibraryManagement\\app\\Views\\login.php')
 4 SYSTEMPATH\View\View.php(237): CodeIgniter\View\View->CodeIgniter\View\{closure}()
 5 SYSTEMPATH\Common.php(1171): CodeIgniter\View\View->render('login', [], true)
 6 APPPATH\Controllers\Home.php(9): view('login')
 7 SYSTEMPATH\CodeIgniter.php(933): App\Controllers\Home->index()
 8 SYSTEMPATH\CodeIgniter.php(509): CodeIgniter\CodeIgniter->runController(Object(App\Controllers\Home))
 9 SYSTEMPATH\CodeIgniter.php(355): CodeIgniter\CodeIgniter->handleRequest(null, Object(Config\Cache), false)
10 SYSTEMPATH\Boot.php(325): CodeIgniter\CodeIgniter->run()
11 SYSTEMPATH\Boot.php(67): CodeIgniter\Boot::runCodeIgniter(Object(CodeIgniter\CodeIgniter))
12 FCPATH\index.php(56): CodeIgniter\Boot::bootWeb(Object(Config\Paths))
13 SYSTEMPATH\rewrite.php(44): require_once('C:\\laragon\\www\\LibraryManagement\\public\\index.php')
CRITICAL - 2024-09-04 19:55:46 --> Error: Class "CodeIginiter\Model" not found
[Method: POST, Route: signup]
in APPPATH\Models\User.php on line 5.
 1 SYSTEMPATH\Autoloader\Autoloader.php(317): include_once()
 2 SYSTEMPATH\Autoloader\Autoloader.php(296): CodeIgniter\Autoloader\Autoloader->includeFile('C:\\laragon\\www\\LibraryManagement\\app\\Models\\User.php')
 3 SYSTEMPATH\Autoloader\Autoloader.php(272): CodeIgniter\Autoloader\Autoloader->loadInNamespace('App\\Models\\User')
 4 APPPATH\Controllers\Home.php(20): CodeIgniter\Autoloader\Autoloader->loadClass('App\\Models\\User')
 5 SYSTEMPATH\CodeIgniter.php(933): App\Controllers\Home->createUser()
 6 SYSTEMPATH\CodeIgniter.php(509): CodeIgniter\CodeIgniter->runController(Object(App\Controllers\Home))
 7 SYSTEMPATH\CodeIgniter.php(355): CodeIgniter\CodeIgniter->handleRequest(null, Object(Config\Cache), false)
 8 SYSTEMPATH\Boot.php(325): CodeIgniter\CodeIgniter->run()
 9 SYSTEMPATH\Boot.php(67): CodeIgniter\Boot::runCodeIgniter(Object(CodeIgniter\CodeIgniter))
10 FCPATH\index.php(56): CodeIgniter\Boot::bootWeb(Object(Config\Paths))
11 SYSTEMPATH\rewrite.php(44): require_once('C:\\laragon\\www\\LibraryManagement\\public\\index.php')
CRITICAL - 2024-09-04 19:57:00 --> Error: Class "App\Models\Model" not found
[Method: POST, Route: signup]
in APPPATH\Models\User.php on line 5.
 1 SYSTEMPATH\Autoloader\Autoloader.php(317): include_once()
 2 SYSTEMPATH\Autoloader\Autoloader.php(296): CodeIgniter\Autoloader\Autoloader->includeFile('C:\\laragon\\www\\LibraryManagement\\app\\Models\\User.php')
 3 SYSTEMPATH\Autoloader\Autoloader.php(272): CodeIgniter\Autoloader\Autoloader->loadInNamespace('App\\Models\\User')
 4 APPPATH\Controllers\Home.php(20): CodeIgniter\Autoloader\Autoloader->loadClass('App\\Models\\User')
 5 SYSTEMPATH\CodeIgniter.php(933): App\Controllers\Home->createUser()
 6 SYSTEMPATH\CodeIgniter.php(509): CodeIgniter\CodeIgniter->runController(Object(App\Controllers\Home))
 7 SYSTEMPATH\CodeIgniter.php(355): CodeIgniter\CodeIgniter->handleRequest(null, Object(Config\Cache), false)
 8 SYSTEMPATH\Boot.php(325): CodeIgniter\CodeIgniter->run()
 9 SYSTEMPATH\Boot.php(67): CodeIgniter\Boot::runCodeIgniter(Object(CodeIgniter\CodeIgniter))
10 FCPATH\index.php(56): CodeIgniter\Boot::bootWeb(Object(Config\Paths))
11 SYSTEMPATH\rewrite.php(44): require_once('C:\\laragon\\www\\LibraryManagement\\public\\index.php')
CRITICAL - 2024-09-04 20:00:06 --> BadMethodCallException: Call to undefined method App\Models\User::isert
[Method: POST, Route: signup]
in SYSTEMPATH\Model.php on line 932.
 1 APPPATH\Controllers\Home.php(25): CodeIgniter\Model->__call('isert', [...])
 2 SYSTEMPATH\CodeIgniter.php(933): App\Controllers\Home->createUser()
 3 SYSTEMPATH\CodeIgniter.php(509): CodeIgniter\CodeIgniter->runController(Object(App\Controllers\Home))
 4 SYSTEMPATH\CodeIgniter.php(355): CodeIgniter\CodeIgniter->handleRequest(null, Object(Config\Cache), false)
 5 SYSTEMPATH\Boot.php(325): CodeIgniter\CodeIgniter->run()
 6 SYSTEMPATH\Boot.php(67): CodeIgniter\Boot::runCodeIgniter(Object(CodeIgniter\CodeIgniter))
 7 FCPATH\index.php(56): CodeIgniter\Boot::bootWeb(Object(Config\Paths))
 8 SYSTEMPATH\rewrite.php(44): require_once('C:\\laragon\\www\\LibraryManagement\\public\\index.php')
CRITICAL - 2024-09-04 20:01:41 --> BadMethodCallException: Call to undefined method App\Models\User::isert
[Method: POST, Route: signup]
in SYSTEMPATH\Model.php on line 932.
 1 APPPATH\Controllers\Home.php(25): CodeIgniter\Model->__call('isert', [...])
 2 SYSTEMPATH\CodeIgniter.php(933): App\Controllers\Home->createUser()
 3 SYSTEMPATH\CodeIgniter.php(509): CodeIgniter\CodeIgniter->runController(Object(App\Controllers\Home))
 4 SYSTEMPATH\CodeIgniter.php(355): CodeIgniter\CodeIgniter->handleRequest(null, Object(Config\Cache), false)
 5 SYSTEMPATH\Boot.php(325): CodeIgniter\CodeIgniter->run()
 6 SYSTEMPATH\Boot.php(67): CodeIgniter\Boot::runCodeIgniter(Object(CodeIgniter\CodeIgniter))
 7 FCPATH\index.php(56): CodeIgniter\Boot::bootWeb(Object(Config\Paths))
 8 SYSTEMPATH\rewrite.php(44): require_once('C:\\laragon\\www\\LibraryManagement\\public\\index.php')
CRITICAL - 2024-09-04 20:05:23 --> ArgumentCountError: password_hash() expects at least 2 arguments, 1 given
[Method: POST, Route: signup]
in APPPATH\Controllers\Home.php on line 23.
 1 APPPATH\Controllers\Home.php(23): password_hash('1234')
 2 SYSTEMPATH\CodeIgniter.php(933): App\Controllers\Home->createUser()
 3 SYSTEMPATH\CodeIgniter.php(509): CodeIgniter\CodeIgniter->runController(Object(App\Controllers\Home))
 4 SYSTEMPATH\CodeIgniter.php(355): CodeIgniter\CodeIgniter->handleRequest(null, Object(Config\Cache), false)
 5 SYSTEMPATH\Boot.php(325): CodeIgniter\CodeIgniter->run()
 6 SYSTEMPATH\Boot.php(67): CodeIgniter\Boot::runCodeIgniter(Object(CodeIgniter\CodeIgniter))
 7 FCPATH\index.php(56): CodeIgniter\Boot::bootWeb(Object(Config\Paths))
 8 SYSTEMPATH\rewrite.php(44): require_once('C:\\laragon\\www\\LibraryManagement\\public\\index.php')
CRITICAL - 2024-09-04 20:08:22 --> ParseError: syntax error, unexpected token ",", expecting "function" or "const"
[Method: GET, Route: signup]
in APPPATH\Controllers\Home.php on line 18.
 1 SYSTEMPATH\Autoloader\Autoloader.php(296): CodeIgniter\Autoloader\Autoloader->includeFile('C:\\laragon\\www\\LibraryManagement\\app\\Controllers\\Home.php')
 2 SYSTEMPATH\Autoloader\Autoloader.php(272): CodeIgniter\Autoloader\Autoloader->loadInNamespace('App\\Controllers\\Home')
 3 [internal function]: CodeIgniter\Autoloader\Autoloader->loadClass('App\\Controllers\\Home')
 4 SYSTEMPATH\CodeIgniter.php(887): class_exists('\\App\\Controllers\\Home', true)
 5 SYSTEMPATH\CodeIgniter.php(496): CodeIgniter\CodeIgniter->startController()
 6 SYSTEMPATH\CodeIgniter.php(355): CodeIgniter\CodeIgniter->handleRequest(null, Object(Config\Cache), false)
 7 SYSTEMPATH\Boot.php(325): CodeIgniter\CodeIgniter->run()
 8 SYSTEMPATH\Boot.php(67): CodeIgniter\Boot::runCodeIgniter(Object(CodeIgniter\CodeIgniter))
 9 FCPATH\index.php(56): CodeIgniter\Boot::bootWeb(Object(Config\Paths))
10 SYSTEMPATH\rewrite.php(44): require_once('C:\\laragon\\www\\LibraryManagement\\public\\index.php')
CRITICAL - 2024-09-04 20:08:24 --> ParseError: syntax error, unexpected token ",", expecting "function" or "const"
[Method: GET, Route: /]
in APPPATH\Controllers\Home.php on line 18.
 1 SYSTEMPATH\Autoloader\Autoloader.php(296): CodeIgniter\Autoloader\Autoloader->includeFile('C:\\laragon\\www\\LibraryManagement\\app\\Controllers\\Home.php')
 2 SYSTEMPATH\Autoloader\Autoloader.php(272): CodeIgniter\Autoloader\Autoloader->loadInNamespace('App\\Controllers\\Home')
 3 [internal function]: CodeIgniter\Autoloader\Autoloader->loadClass('App\\Controllers\\Home')
 4 SYSTEMPATH\CodeIgniter.php(887): class_exists('\\App\\Controllers\\Home', true)
 5 SYSTEMPATH\CodeIgniter.php(496): CodeIgniter\CodeIgniter->startController()
 6 SYSTEMPATH\CodeIgniter.php(355): CodeIgniter\CodeIgniter->handleRequest(null, Object(Config\Cache), false)
 7 SYSTEMPATH\Boot.php(325): CodeIgniter\CodeIgniter->run()
 8 SYSTEMPATH\Boot.php(67): CodeIgniter\Boot::runCodeIgniter(Object(CodeIgniter\CodeIgniter))
 9 FCPATH\index.php(56): CodeIgniter\Boot::bootWeb(Object(Config\Paths))
10 SYSTEMPATH\rewrite.php(44): require_once('C:\\laragon\\www\\LibraryManagement\\public\\index.php')
CRITICAL - 2024-09-04 20:08:25 --> ParseError: syntax error, unexpected token ",", expecting "function" or "const"
[Method: GET, Route: /]
in APPPATH\Controllers\Home.php on line 18.
 1 SYSTEMPATH\Autoloader\Autoloader.php(296): CodeIgniter\Autoloader\Autoloader->includeFile('C:\\laragon\\www\\LibraryManagement\\app\\Controllers\\Home.php')
 2 SYSTEMPATH\Autoloader\Autoloader.php(272): CodeIgniter\Autoloader\Autoloader->loadInNamespace('App\\Controllers\\Home')
 3 [internal function]: CodeIgniter\Autoloader\Autoloader->loadClass('App\\Controllers\\Home')
 4 SYSTEMPATH\CodeIgniter.php(887): class_exists('\\App\\Controllers\\Home', true)
 5 SYSTEMPATH\CodeIgniter.php(496): CodeIgniter\CodeIgniter->startController()
 6 SYSTEMPATH\CodeIgniter.php(355): CodeIgniter\CodeIgniter->handleRequest(null, Object(Config\Cache), false)
 7 SYSTEMPATH\Boot.php(325): CodeIgniter\CodeIgniter->run()
 8 SYSTEMPATH\Boot.php(67): CodeIgniter\Boot::runCodeIgniter(Object(CodeIgniter\CodeIgniter))
 9 FCPATH\index.php(56): CodeIgniter\Boot::bootWeb(Object(Config\Paths))
10 SYSTEMPATH\rewrite.php(44): require_once('C:\\laragon\\www\\LibraryManagement\\public\\index.php')
CRITICAL - 2024-09-04 20:38:46 --> ErrorException: Undefined variable $users
[Method: POST, Route: /]
in APPPATH\Controllers\Home.php on line 22.
 1 APPPATH\Controllers\Home.php(22): CodeIgniter\Debug\Exceptions->errorHandler(2, 'Undefined variable $users', 'C:\\laragon\\www\\LibraryManagement\\app\\Controllers\\Home.php', 22)
 2 SYSTEMPATH\CodeIgniter.php(933): App\Controllers\Home->login()
 3 SYSTEMPATH\CodeIgniter.php(509): CodeIgniter\CodeIgniter->runController(Object(App\Controllers\Home))
 4 SYSTEMPATH\CodeIgniter.php(355): CodeIgniter\CodeIgniter->handleRequest(null, Object(Config\Cache), false)
 5 SYSTEMPATH\Boot.php(325): CodeIgniter\CodeIgniter->run()
 6 SYSTEMPATH\Boot.php(67): CodeIgniter\Boot::runCodeIgniter(Object(CodeIgniter\CodeIgniter))
 7 FCPATH\index.php(56): CodeIgniter\Boot::bootWeb(Object(Config\Paths))
 8 SYSTEMPATH\rewrite.php(44): require_once('C:\\laragon\\www\\LibraryManagement\\public\\index.php')
CRITICAL - 2024-09-04 20:39:48 --> TypeError: App\Controllers\Home::login(): Return value must be of type string, CodeIgniter\HTTP\RedirectResponse returned
[Method: POST, Route: /]
in APPPATH\Controllers\Home.php on line 24.
 1 SYSTEMPATH\CodeIgniter.php(933): App\Controllers\Home->login()
 2 SYSTEMPATH\CodeIgniter.php(509): CodeIgniter\CodeIgniter->runController(Object(App\Controllers\Home))
 3 SYSTEMPATH\CodeIgniter.php(355): CodeIgniter\CodeIgniter->handleRequest(null, Object(Config\Cache), false)
 4 SYSTEMPATH\Boot.php(325): CodeIgniter\CodeIgniter->run()
 5 SYSTEMPATH\Boot.php(67): CodeIgniter\Boot::runCodeIgniter(Object(CodeIgniter\CodeIgniter))
 6 FCPATH\index.php(56): CodeIgniter\Boot::bootWeb(Object(Config\Paths))
 7 SYSTEMPATH\rewrite.php(44): require_once('C:\\laragon\\www\\LibraryManagement\\public\\index.php')
CRITICAL - 2024-09-04 20:58:49 --> ErrorException: Undefined array key "emmail"
[Method: POST, Route: /]
in APPPATH\Controllers\Home.php on line 20.
 1 APPPATH\Controllers\Home.php(20): CodeIgniter\Debug\Exceptions->errorHandler(2, 'Undefined array key "emmail"', 'C:\\laragon\\www\\LibraryManagement\\app\\Controllers\\Home.php', 20)
 2 SYSTEMPATH\CodeIgniter.php(933): App\Controllers\Home->login()
 3 SYSTEMPATH\CodeIgniter.php(509): CodeIgniter\CodeIgniter->runController(Object(App\Controllers\Home))
 4 SYSTEMPATH\CodeIgniter.php(355): CodeIgniter\CodeIgniter->handleRequest(null, Object(Config\Cache), false)
 5 SYSTEMPATH\Boot.php(325): CodeIgniter\CodeIgniter->run()
 6 SYSTEMPATH\Boot.php(67): CodeIgniter\Boot::runCodeIgniter(Object(CodeIgniter\CodeIgniter))
 7 FCPATH\index.php(56): CodeIgniter\Boot::bootWeb(Object(Config\Paths))
 8 SYSTEMPATH\rewrite.php(44): require_once('C:\\laragon\\www\\LibraryManagement\\public\\index.php')
CRITICAL - 2024-09-04 20:59:11 --> TypeError: CodeIgniter\Database\BaseBuilder::get(): Argument #1 ($limit) must be of type ?int, string given, called in C:\laragon\www\LibraryManagement\system\Model.php on line 930
[Method: POST, Route: /]
in SYSTEMPATH\Database\BaseBuilder.php on line 1623.
 1 SYSTEMPATH\Model.php(930): CodeIgniter\Database\BaseBuilder->get('users')
 2 APPPATH\Controllers\Home.php(21): CodeIgniter\Model->__call('get', [...])
 3 SYSTEMPATH\CodeIgniter.php(933): App\Controllers\Home->login()
 4 SYSTEMPATH\CodeIgniter.php(509): CodeIgniter\CodeIgniter->runController(Object(App\Controllers\Home))
 5 SYSTEMPATH\CodeIgniter.php(355): CodeIgniter\CodeIgniter->handleRequest(null, Object(Config\Cache), false)
 6 SYSTEMPATH\Boot.php(325): CodeIgniter\CodeIgniter->run()
 7 SYSTEMPATH\Boot.php(67): CodeIgniter\Boot::runCodeIgniter(Object(CodeIgniter\CodeIgniter))
 8 FCPATH\index.php(56): CodeIgniter\Boot::bootWeb(Object(Config\Paths))
 9 SYSTEMPATH\rewrite.php(44): require_once('C:\\laragon\\www\\LibraryManagement\\public\\index.php')
CRITICAL - 2024-09-04 21:10:49 --> Error: Call to undefined method CodeIgniter\Database\MySQLi\Connection::where()
[Method: POST, Route: /]
in APPPATH\Models\UserModel.php on line 11.
 1 APPPATH\Controllers\Home.php(21): App\Models\UserModel->user_exists('luca@gmail.com')
 2 SYSTEMPATH\CodeIgniter.php(933): App\Controllers\Home->login()
 3 SYSTEMPATH\CodeIgniter.php(509): CodeIgniter\CodeIgniter->runController(Object(App\Controllers\Home))
 4 SYSTEMPATH\CodeIgniter.php(355): CodeIgniter\CodeIgniter->handleRequest(null, Object(Config\Cache), false)
 5 SYSTEMPATH\Boot.php(325): CodeIgniter\CodeIgniter->run()
 6 SYSTEMPATH\Boot.php(67): CodeIgniter\Boot::runCodeIgniter(Object(CodeIgniter\CodeIgniter))
 7 FCPATH\index.php(56): CodeIgniter\Boot::bootWeb(Object(Config\Paths))
 8 SYSTEMPATH\rewrite.php(44): require_once('C:\\laragon\\www\\LibraryManagement\\public\\index.php')
CRITICAL - 2024-09-04 21:12:43 --> TypeError: CodeIgniter\Database\BaseBuilder::get(): Argument #1 ($limit) must be of type ?int, string given, called in C:\laragon\www\LibraryManagement\system\Model.php on line 930
[Method: POST, Route: /]
in SYSTEMPATH\Database\BaseBuilder.php on line 1623.
 1 SYSTEMPATH\Model.php(930): CodeIgniter\Database\BaseBuilder->get('users')
 2 APPPATH\Models\UserModel.php(12): CodeIgniter\Model->__call('get', [...])
 3 APPPATH\Controllers\Home.php(21): App\Models\UserModel->user_exists('luca@gmail.com')
 4 SYSTEMPATH\CodeIgniter.php(933): App\Controllers\Home->login()
 5 SYSTEMPATH\CodeIgniter.php(509): CodeIgniter\CodeIgniter->runController(Object(App\Controllers\Home))
 6 SYSTEMPATH\CodeIgniter.php(355): CodeIgniter\CodeIgniter->handleRequest(null, Object(Config\Cache), false)
 7 SYSTEMPATH\Boot.php(325): CodeIgniter\CodeIgniter->run()
 8 SYSTEMPATH\Boot.php(67): CodeIgniter\Boot::runCodeIgniter(Object(CodeIgniter\CodeIgniter))
 9 FCPATH\index.php(56): CodeIgniter\Boot::bootWeb(Object(Config\Paths))
10 SYSTEMPATH\rewrite.php(44): require_once('C:\\laragon\\www\\LibraryManagement\\public\\index.php')
CRITICAL - 2024-09-04 21:15:01 --> ErrorException: Undefined variable $email
[Method: POST, Route: /]
in APPPATH\Controllers\Home.php on line 21.
 1 APPPATH\Controllers\Home.php(21): CodeIgniter\Debug\Exceptions->errorHandler(2, 'Undefined variable $email', 'C:\\laragon\\www\\LibraryManagement\\app\\Controllers\\Home.php', 21)
 2 SYSTEMPATH\CodeIgniter.php(933): App\Controllers\Home->login()
 3 SYSTEMPATH\CodeIgniter.php(509): CodeIgniter\CodeIgniter->runController(Object(App\Controllers\Home))
 4 SYSTEMPATH\CodeIgniter.php(355): CodeIgniter\CodeIgniter->handleRequest(null, Object(Config\Cache), false)
 5 SYSTEMPATH\Boot.php(325): CodeIgniter\CodeIgniter->run()
 6 SYSTEMPATH\Boot.php(67): CodeIgniter\Boot::runCodeIgniter(Object(CodeIgniter\CodeIgniter))
 7 FCPATH\index.php(56): CodeIgniter\Boot::bootWeb(Object(Config\Paths))
 8 SYSTEMPATH\rewrite.php(44): require_once('C:\\laragon\\www\\LibraryManagement\\public\\index.php')
CRITICAL - 2024-09-04 21:15:32 --> TypeError: CodeIgniter\Database\BaseBuilder::get(): Argument #1 ($limit) must be of type ?int, string given, called in C:\laragon\www\LibraryManagement\system\Model.php on line 930
[Method: POST, Route: /]
in SYSTEMPATH\Database\BaseBuilder.php on line 1623.
 1 SYSTEMPATH\Model.php(930): CodeIgniter\Database\BaseBuilder->get('users')
 2 APPPATH\Controllers\Home.php(22): CodeIgniter\Model->__call('get', [...])
 3 SYSTEMPATH\CodeIgniter.php(933): App\Controllers\Home->login()
 4 SYSTEMPATH\CodeIgniter.php(509): CodeIgniter\CodeIgniter->runController(Object(App\Controllers\Home))
 5 SYSTEMPATH\CodeIgniter.php(355): CodeIgniter\CodeIgniter->handleRequest(null, Object(Config\Cache), false)
 6 SYSTEMPATH\Boot.php(325): CodeIgniter\CodeIgniter->run()
 7 SYSTEMPATH\Boot.php(67): CodeIgniter\Boot::runCodeIgniter(Object(CodeIgniter\CodeIgniter))
 8 FCPATH\index.php(56): CodeIgniter\Boot::bootWeb(Object(Config\Paths))
 9 SYSTEMPATH\rewrite.php(44): require_once('C:\\laragon\\www\\LibraryManagement\\public\\index.php')
CRITICAL - 2024-09-04 21:18:50 --> ErrorException: Array to string conversion
[Method: POST, Route: /]
in APPPATH\Controllers\Home.php on line 22.
 1 APPPATH\Controllers\Home.php(22): CodeIgniter\Debug\Exceptions->errorHandler(2, 'Array to string conversion', 'C:\\laragon\\www\\LibraryManagement\\app\\Controllers\\Home.php', 22)
 2 SYSTEMPATH\CodeIgniter.php(933): App\Controllers\Home->login()
 3 SYSTEMPATH\CodeIgniter.php(509): CodeIgniter\CodeIgniter->runController(Object(App\Controllers\Home))
 4 SYSTEMPATH\CodeIgniter.php(355): CodeIgniter\CodeIgniter->handleRequest(null, Object(Config\Cache), false)
 5 SYSTEMPATH\Boot.php(325): CodeIgniter\CodeIgniter->run()
 6 SYSTEMPATH\Boot.php(67): CodeIgniter\Boot::runCodeIgniter(Object(CodeIgniter\CodeIgniter))
 7 FCPATH\index.php(56): CodeIgniter\Boot::bootWeb(Object(Config\Paths))
 8 SYSTEMPATH\rewrite.php(44): require_once('C:\\laragon\\www\\LibraryManagement\\public\\index.php')
CRITICAL - 2024-09-04 21:19:26 --> ParseError: syntax error, unexpected variable "$data"
[Method: POST, Route: /]
in APPPATH\Controllers\Home.php on line 22.
 1 SYSTEMPATH\Autoloader\Autoloader.php(296): CodeIgniter\Autoloader\Autoloader->includeFile('C:\\laragon\\www\\LibraryManagement\\app\\Controllers\\Home.php')
 2 SYSTEMPATH\Autoloader\Autoloader.php(272): CodeIgniter\Autoloader\Autoloader->loadInNamespace('App\\Controllers\\Home')
 3 [internal function]: CodeIgniter\Autoloader\Autoloader->loadClass('App\\Controllers\\Home')
 4 SYSTEMPATH\CodeIgniter.php(887): class_exists('\\App\\Controllers\\Home', true)
 5 SYSTEMPATH\CodeIgniter.php(496): CodeIgniter\CodeIgniter->startController()
 6 SYSTEMPATH\CodeIgniter.php(355): CodeIgniter\CodeIgniter->handleRequest(null, Object(Config\Cache), false)
 7 SYSTEMPATH\Boot.php(325): CodeIgniter\CodeIgniter->run()
 8 SYSTEMPATH\Boot.php(67): CodeIgniter\Boot::runCodeIgniter(Object(CodeIgniter\CodeIgniter))
 9 FCPATH\index.php(56): CodeIgniter\Boot::bootWeb(Object(Config\Paths))
10 SYSTEMPATH\rewrite.php(44): require_once('C:\\laragon\\www\\LibraryManagement\\public\\index.php')
CRITICAL - 2024-09-04 21:19:29 --> ParseError: syntax error, unexpected variable "$data"
[Method: GET, Route: /]
in APPPATH\Controllers\Home.php on line 22.
 1 SYSTEMPATH\Autoloader\Autoloader.php(296): CodeIgniter\Autoloader\Autoloader->includeFile('C:\\laragon\\www\\LibraryManagement\\app\\Controllers\\Home.php')
 2 SYSTEMPATH\Autoloader\Autoloader.php(272): CodeIgniter\Autoloader\Autoloader->loadInNamespace('App\\Controllers\\Home')
 3 [internal function]: CodeIgniter\Autoloader\Autoloader->loadClass('App\\Controllers\\Home')
 4 SYSTEMPATH\CodeIgniter.php(887): class_exists('\\App\\Controllers\\Home', true)
 5 SYSTEMPATH\CodeIgniter.php(496): CodeIgniter\CodeIgniter->startController()
 6 SYSTEMPATH\CodeIgniter.php(355): CodeIgniter\CodeIgniter->handleRequest(null, Object(Config\Cache), false)
 7 SYSTEMPATH\Boot.php(325): CodeIgniter\CodeIgniter->run()
 8 SYSTEMPATH\Boot.php(67): CodeIgniter\Boot::runCodeIgniter(Object(CodeIgniter\CodeIgniter))
 9 FCPATH\index.php(56): CodeIgniter\Boot::bootWeb(Object(Config\Paths))
10 SYSTEMPATH\rewrite.php(44): require_once('C:\\laragon\\www\\LibraryManagement\\public\\index.php')
CRITICAL - 2024-09-04 21:19:32 --> ParseError: syntax error, unexpected variable "$data"
[Method: GET, Route: signup]
in APPPATH\Controllers\Home.php on line 22.
 1 SYSTEMPATH\Autoloader\Autoloader.php(296): CodeIgniter\Autoloader\Autoloader->includeFile('C:\\laragon\\www\\LibraryManagement\\app\\Controllers\\Home.php')
 2 SYSTEMPATH\Autoloader\Autoloader.php(272): CodeIgniter\Autoloader\Autoloader->loadInNamespace('App\\Controllers\\Home')
 3 [internal function]: CodeIgniter\Autoloader\Autoloader->loadClass('App\\Controllers\\Home')
 4 SYSTEMPATH\CodeIgniter.php(887): class_exists('\\App\\Controllers\\Home', true)
 5 SYSTEMPATH\CodeIgniter.php(496): CodeIgniter\CodeIgniter->startController()
 6 SYSTEMPATH\CodeIgniter.php(355): CodeIgniter\CodeIgniter->handleRequest(null, Object(Config\Cache), false)
 7 SYSTEMPATH\Boot.php(325): CodeIgniter\CodeIgniter->run()
 8 SYSTEMPATH\Boot.php(67): CodeIgniter\Boot::runCodeIgniter(Object(CodeIgniter\CodeIgniter))
 9 FCPATH\index.php(56): CodeIgniter\Boot::bootWeb(Object(Config\Paths))
10 SYSTEMPATH\rewrite.php(44): require_once('C:\\laragon\\www\\LibraryManagement\\public\\index.php')
CRITICAL - 2024-09-04 21:19:33 --> ParseError: syntax error, unexpected variable "$data"
[Method: GET, Route: signup]
in APPPATH\Controllers\Home.php on line 22.
 1 SYSTEMPATH\Autoloader\Autoloader.php(296): CodeIgniter\Autoloader\Autoloader->includeFile('C:\\laragon\\www\\LibraryManagement\\app\\Controllers\\Home.php')
 2 SYSTEMPATH\Autoloader\Autoloader.php(272): CodeIgniter\Autoloader\Autoloader->loadInNamespace('App\\Controllers\\Home')
 3 [internal function]: CodeIgniter\Autoloader\Autoloader->loadClass('App\\Controllers\\Home')
 4 SYSTEMPATH\CodeIgniter.php(887): class_exists('\\App\\Controllers\\Home', true)
 5 SYSTEMPATH\CodeIgniter.php(496): CodeIgniter\CodeIgniter->startController()
 6 SYSTEMPATH\CodeIgniter.php(355): CodeIgniter\CodeIgniter->handleRequest(null, Object(Config\Cache), false)
 7 SYSTEMPATH\Boot.php(325): CodeIgniter\CodeIgniter->run()
 8 SYSTEMPATH\Boot.php(67): CodeIgniter\Boot::runCodeIgniter(Object(CodeIgniter\CodeIgniter))
 9 FCPATH\index.php(56): CodeIgniter\Boot::bootWeb(Object(Config\Paths))
10 SYSTEMPATH\rewrite.php(44): require_once('C:\\laragon\\www\\LibraryManagement\\public\\index.php')
CRITICAL - 2024-09-04 21:19:37 --> ParseError: syntax error, unexpected variable "$data"
[Method: GET, Route: home]
in APPPATH\Controllers\Home.php on line 22.
 1 SYSTEMPATH\Autoloader\Autoloader.php(296): CodeIgniter\Autoloader\Autoloader->includeFile('C:\\laragon\\www\\LibraryManagement\\app\\Controllers\\Home.php')
 2 SYSTEMPATH\Autoloader\Autoloader.php(272): CodeIgniter\Autoloader\Autoloader->loadInNamespace('App\\Controllers\\Home')
 3 [internal function]: CodeIgniter\Autoloader\Autoloader->loadClass('App\\Controllers\\Home')
 4 SYSTEMPATH\CodeIgniter.php(887): class_exists('\\App\\Controllers\\Home', true)
 5 SYSTEMPATH\CodeIgniter.php(496): CodeIgniter\CodeIgniter->startController()
 6 SYSTEMPATH\CodeIgniter.php(355): CodeIgniter\CodeIgniter->handleRequest(null, Object(Config\Cache), false)
 7 SYSTEMPATH\Boot.php(325): CodeIgniter\CodeIgniter->run()
 8 SYSTEMPATH\Boot.php(67): CodeIgniter\Boot::runCodeIgniter(Object(CodeIgniter\CodeIgniter))
 9 FCPATH\index.php(56): CodeIgniter\Boot::bootWeb(Object(Config\Paths))
10 SYSTEMPATH\rewrite.php(44): require_once('C:\\laragon\\www\\LibraryManagement\\public\\index.php')
CRITICAL - 2024-09-04 21:19:41 --> ParseError: syntax error, unexpected variable "$data"
[Method: GET, Route: /]
in APPPATH\Controllers\Home.php on line 22.
 1 SYSTEMPATH\Autoloader\Autoloader.php(296): CodeIgniter\Autoloader\Autoloader->includeFile('C:\\laragon\\www\\LibraryManagement\\app\\Controllers\\Home.php')
 2 SYSTEMPATH\Autoloader\Autoloader.php(272): CodeIgniter\Autoloader\Autoloader->loadInNamespace('App\\Controllers\\Home')
 3 [internal function]: CodeIgniter\Autoloader\Autoloader->loadClass('App\\Controllers\\Home')
 4 SYSTEMPATH\CodeIgniter.php(887): class_exists('\\App\\Controllers\\Home', true)
 5 SYSTEMPATH\CodeIgniter.php(496): CodeIgniter\CodeIgniter->startController()
 6 SYSTEMPATH\CodeIgniter.php(355): CodeIgniter\CodeIgniter->handleRequest(null, Object(Config\Cache), false)
 7 SYSTEMPATH\Boot.php(325): CodeIgniter\CodeIgniter->run()
 8 SYSTEMPATH\Boot.php(67): CodeIgniter\Boot::runCodeIgniter(Object(CodeIgniter\CodeIgniter))
 9 FCPATH\index.php(56): CodeIgniter\Boot::bootWeb(Object(Config\Paths))
10 SYSTEMPATH\rewrite.php(44): require_once('C:\\laragon\\www\\LibraryManagement\\public\\index.php')
CRITICAL - 2024-09-04 21:40:31 --> ParseError: syntax error, unexpected token "}", expecting ";"
[Method: GET, Route: add]
in APPPATH\Controllers\Home.php on line 70.
 1 SYSTEMPATH\Autoloader\Autoloader.php(296): CodeIgniter\Autoloader\Autoloader->includeFile('C:\\laragon\\www\\LibraryManagement\\app\\Controllers\\Home.php')
 2 SYSTEMPATH\Autoloader\Autoloader.php(272): CodeIgniter\Autoloader\Autoloader->loadInNamespace('App\\Controllers\\Home')
 3 [internal function]: CodeIgniter\Autoloader\Autoloader->loadClass('App\\Controllers\\Home')
 4 SYSTEMPATH\CodeIgniter.php(887): class_exists('\\App\\Controllers\\Home', true)
 5 SYSTEMPATH\CodeIgniter.php(496): CodeIgniter\CodeIgniter->startController()
 6 SYSTEMPATH\CodeIgniter.php(355): CodeIgniter\CodeIgniter->handleRequest(null, Object(Config\Cache), false)
 7 SYSTEMPATH\Boot.php(325): CodeIgniter\CodeIgniter->run()
 8 SYSTEMPATH\Boot.php(67): CodeIgniter\Boot::runCodeIgniter(Object(CodeIgniter\CodeIgniter))
 9 FCPATH\index.php(56): CodeIgniter\Boot::bootWeb(Object(Config\Paths))
10 SYSTEMPATH\rewrite.php(44): require_once('C:\\laragon\\www\\LibraryManagement\\public\\index.php')
